TN:
SF:src\controllers\justifyController.ts
FN:5,(anonymous_0)
FNF:1
FNH:1
FNDA:11,(anonymous_0)
DA:2,3
DA:5,3
DA:6,11
DA:8,11
DA:11,11
DA:12,1
DA:16,10
DA:19,10
DA:21,0
LF:9
LH:8
BRDA:11,0,0,1
BRDA:11,1,0,11
BRDA:11,1,1,10
BRF:3
BRH:3
end_of_record
TN:
SF:src\controllers\tokenController.ts
FN:5,(anonymous_0)
FNF:1
FNH:1
FNDA:19,(anonymous_0)
DA:2,3
DA:5,3
DA:6,19
DA:8,19
DA:11,19
DA:12,3
DA:16,16
DA:19,16
DA:21,0
LF:9
LH:8
BRDA:11,0,0,3
BRDA:11,1,0,19
BRDA:11,1,1,18
BRDA:11,1,2,17
BRF:4
BRH:4
end_of_record
TN:
SF:src\middleware\auth.ts
FN:5,(anonymous_0)
FN:30,(anonymous_1)
FN:40,(anonymous_2)
FNF:3
FNH:3
FNDA:14,(anonymous_0)
FNDA:11,(anonymous_1)
FNDA:62,(anonymous_2)
DA:2,3
DA:5,3
DA:7,14
DA:9,14
DA:10,1
DA:14,13
DA:18,13
DA:19,13
DA:22,13
DA:23,2
DA:26,11
DA:30,3
DA:31,11
DA:32,11
DA:37,11
DA:40,62
DA:43,11
DA:44,0
DA:48,11
DA:49,11
LF:20
LH:19
BRDA:9,0,0,1
BRDA:14,1,0,1
BRDA:14,1,1,12
BRDA:22,2,0,2
BRDA:22,3,0,13
BRDA:22,3,1,13
BRDA:32,4,0,1
BRDA:32,4,1,10
BRDA:43,5,0,0
BRF:9
BRH:8
end_of_record
TN:
SF:src\models\token.ts
FN:10,(anonymous_0)
FN:17,(anonymous_1)
FN:33,(anonymous_2)
FN:40,(anonymous_3)
FN:51,(anonymous_4)
FN:59,(anonymous_5)
FNF:6
FNH:6
FNDA:16,(anonymous_0)
FNDA:26,(anonymous_1)
FNDA:16,(anonymous_2)
FNDA:15,(anonymous_3)
FNDA:16,(anonymous_4)
FNDA:14,(anonymous_5)
DA:10,4
DA:12,16
DA:15,16
DA:19,26
DA:20,26
DA:27,26
DA:28,26
DA:29,26
DA:34,16
DA:35,16
DA:36,16
DA:41,15
DA:42,15
DA:44,14
DA:47,14
DA:52,16
DA:53,16
DA:54,15
DA:60,14
DA:61,14
DA:62,1
DA:63,1
DA:69,4
LF:23
LH:23
BRDA:42,0,0,1
BRDA:53,1,0,15
BRDA:61,2,0,1
BRF:3
BRH:3
end_of_record
TN:
SF:src\routes\index.ts
FNF:0
FNH:0
DA:2,3
DA:3,3
DA:4,3
DA:5,3
DA:7,3
DA:9,3
DA:12,3
DA:14,3
LF:8
LH:8
BRF:0
BRH:0
end_of_record
TN:
SF:src\utils\justify.ts
FN:6,(anonymous_0)
FN:8,(anonymous_1)
FN:38,(anonymous_2)
FNF:3
FNH:3
FNDA:14,(anonymous_0)
FNDA:385,(anonymous_1)
FNDA:25,(anonymous_2)
DA:1,4
DA:3,4
DA:8,385
DA:9,14
DA:10,14
DA:11,14
DA:13,14
DA:15,384
DA:17,25
DA:19,25
DA:20,25
DA:23,359
DA:24,359
DA:29,14
DA:30,13
DA:34,14
DA:40,25
DA:42,25
DA:43,25
DA:44,25
DA:45,25
DA:47,25
DA:50,25
DA:51,330
DA:54,330
DA:55,305
DA:57,305
DA:58,305
DA:62,25
LF:29
LH:29
BRDA:15,0,0,25
BRDA:15,0,1,359
BRDA:29,1,0,13
BRDA:40,2,0,0
BRDA:54,3,0,305
BRDA:57,4,0,70
BRF:6
BRH:5
end_of_record
